0 info it worked if it ends with ok
1 verbose cli [ '/usr/bin/nodejs', '/usr/bin/npm', 'install' ]
2 info using npm@1.4.21
3 info using node@v0.10.25
4 warn package.json builder@0.0.0 No description
5 warn package.json builder@0.0.0 No README data
6 verbose readDependencies using package.json deps
7 verbose install where, deps [ '/vagrant',
7 verbose install   [ 'angular',
7 verbose install     'angular-animate',
7 verbose install     'angular-aria',
7 verbose install     'angular-material',
7 verbose install     'angular-material-data-table',
7 verbose install     'angular-messages',
7 verbose install     'angular-mocks',
7 verbose install     'angular-password',
7 verbose install     'angular-ui-router',
7 verbose install     'font-awesome',
7 verbose install     'gulp',
7 verbose install     'jquery',
7 verbose install     'lodash',
7 verbose install     'tslint',
7 verbose install     'typescript',
7 verbose install     'typings',
7 verbose install     'del',
7 verbose install     'faker',
7 verbose install     'gulp-autoprefixer',
7 verbose install     'gulp-changed',
7 verbose install     'gulp-clean-css',
7 verbose install     'gulp-concat',
7 verbose install     'gulp-load-plugins',
7 verbose install     'gulp-ng-template',
7 verbose install     'gulp-pug',
7 verbose install     'gulp-rename',
7 verbose install     'gulp-sass',
7 verbose install     'gulp-sourcemaps',
7 verbose install     'gulp-stats',
7 verbose install     'gulp-tslint',
7 verbose install     'gulp-typescript',
7 verbose install     'gulp-typings',
7 verbose install     'gulp-uglify',
7 verbose install     'jasmine-core',
7 verbose install     'json-server',
7 verbose install     'karma',
7 verbose install     'karma-jasmine',
7 verbose install     'karma-nyan-reporter',
7 verbose install     'karma-phantomjs-launcher',
7 verbose install     'karma-typescript',
7 verbose install     'merge2',
7 verbose install     'run-sequence' ] ]
8 info preinstall builder@0.0.0
9 warn package.json bcrypt-pbkdf@1.0.0 No repository field.
10 warn package.json callsite@1.0.0 No repository field.
11 warn package.json has-binary@0.1.7 No repository field.
12 warn package.json indexof@0.0.1 No repository field.
13 warn package.json object-component@0.0.3 No repository field.
14 warn package.json parseqs@0.0.2 No repository field.
15 warn package.json parsejson@0.0.1 No repository field.
16 verbose readDependencies using package.json deps
17 verbose already installed skipping angular-material@1.1.1 /vagrant
18 verbose already installed skipping angular-aria@1.5.8 /vagrant
19 verbose already installed skipping angular-material-data-table@0.10.9 /vagrant
20 verbose already installed skipping angular-messages@1.5.8 /vagrant
21 verbose already installed skipping angular-mocks@1.5.8 /vagrant
22 verbose already installed skipping angular-password@1.0.3 /vagrant
23 verbose already installed skipping angular-ui-router@0.3.1 /vagrant
24 verbose already installed skipping font-awesome@4.7.0 /vagrant
25 verbose already installed skipping gulp@3.9.1 /vagrant
26 verbose already installed skipping jquery@2.2.4 /vagrant
27 verbose already installed skipping lodash@4.16.4 /vagrant
28 verbose already installed skipping tslint@3.15.1 /vagrant
29 verbose already installed skipping typescript@2.0.10 /vagrant
30 verbose already installed skipping typings@2.0.0 /vagrant
31 verbose already installed skipping del@2.2.2 /vagrant
32 verbose already installed skipping faker@3.1.0 /vagrant
33 verbose already installed skipping gulp-autoprefixer@3.1.1 /vagrant
34 verbose already installed skipping gulp-changed@1.3.2 /vagrant
35 verbose already installed skipping gulp-clean-css@2.0.4 /vagrant
36 verbose already installed skipping gulp-concat@2.6.0 /vagrant
37 verbose already installed skipping gulp-load-plugins@1.3.0 /vagrant
38 verbose already installed skipping gulp-ng-template@0.2.3 /vagrant
39 verbose already installed skipping gulp-pug@3.1.0 /vagrant
40 verbose already installed skipping gulp-rename@1.2.2 /vagrant
41 verbose already installed skipping gulp-sass@2.3.2 /vagrant
42 verbose already installed skipping gulp-sourcemaps@2.2.0 /vagrant
43 verbose already installed skipping gulp-stats@0.0.3 /vagrant
44 verbose already installed skipping gulp-tslint@6.1.2 /vagrant
45 verbose already installed skipping gulp-typescript@3.1.2 /vagrant
46 verbose already installed skipping gulp-typings@2.0.4 /vagrant
47 verbose already installed skipping gulp-uglify@2.0.0 /vagrant
48 verbose already installed skipping jasmine-core@2.5.2 /vagrant
49 verbose already installed skipping karma-jasmine@^1.0.2 /vagrant
50 verbose already installed skipping json-server@0.9.0 /vagrant
51 verbose already installed skipping karma-nyan-reporter@0.2.4 /vagrant
52 verbose already installed skipping karma@1.3.0 /vagrant
53 verbose already installed skipping karma-phantomjs-launcher@1.0.2 /vagrant
54 verbose already installed skipping karma-typescript@2.1.3 /vagrant
55 verbose already installed skipping merge2@1.0.2 /vagrant
56 verbose already installed skipping run-sequence@1.2.2 /vagrant
57 verbose already installed skipping angular-animate@1.5.8 /vagrant
58 verbose already installed skipping angular@1.5.8 /vagrant
59 silly resolved []
60 info build /vagrant
61 verbose linkStuff [ false, false, false, '/' ]
62 info linkStuff builder@0.0.0
63 verbose linkBins builder@0.0.0
64 verbose linkMans builder@0.0.0
65 verbose rebuildBundles builder@0.0.0
66 verbose rebuildBundles [ '.bin',
66 verbose rebuildBundles   'JSONStream',
66 verbose rebuildBundles   'abbrev',
66 verbose rebuildBundles   'accepts',
66 verbose rebuildBundles   'acorn',
66 verbose rebuildBundles   'after',
66 verbose rebuildBundles   'agent-base',
66 verbose rebuildBundles   'align-text',
66 verbose rebuildBundles   'amdefine',
66 verbose rebuildBundles   'angular',
66 verbose rebuildBundles   'angular-animate',
66 verbose rebuildBundles   'angular-aria',
66 verbose rebuildBundles   'angular-material',
66 verbose rebuildBundles   'angular-material-data-table',
66 verbose rebuildBundles   'angular-messages',
66 verbose rebuildBundles   'angular-mocks',
66 verbose rebuildBundles   'angular-password',
66 verbose rebuildBundles   'angular-ui-router',
66 verbose rebuildBundles   'ansi-align',
66 verbose rebuildBundles   'ansi-escapes',
66 verbose rebuildBundles   'ansi-regex',
66 verbose rebuildBundles   'ansi-styles',
66 verbose rebuildBundles   'any-promise',
66 verbose rebuildBundles   'anymatch',
66 verbose rebuildBundles   'archy',
66 verbose rebuildBundles   'argparse',
66 verbose rebuildBundles   'arr-diff',
66 verbose rebuildBundles   'arr-flatten',
66 verbose rebuildBundles   'array-differ',
66 verbose rebuildBundles   'array-filter',
66 verbose rebuildBundles   'array-find-index',
66 verbose rebuildBundles   'array-flatten',
66 verbose rebuildBundles   'array-map',
66 verbose rebuildBundles   'array-reduce',
66 verbose rebuildBundles   'array-slice',
66 verbose rebuildBundles   'array-uniq',
66 verbose rebuildBundles   'array-unique',
66 verbose rebuildBundles   'arraybuffer.slice',
66 verbose rebuildBundles   'arrify',
66 verbose rebuildBundles   'asn1',
66 verbose rebuildBundles   'asn1.js',
66 verbose rebuildBundles   'assert',
66 verbose rebuildBundles   'assert-plus',
66 verbose rebuildBundles   'astw',
66 verbose rebuildBundles   'async',
66 verbose rebuildBundles   'async-each',
66 verbose rebuildBundles   'asynckit',
66 verbose rebuildBundles   'aws-sign2',
66 verbose rebuildBundles   'aws4',
66 verbose rebuildBundles   'backo2',
66 verbose rebuildBundles   'balanced-match',
66 verbose rebuildBundles   'base64-arraybuffer',
66 verbose rebuildBundles   'base64-js',
66 verbose rebuildBundles   'base64id',
66 verbose rebuildBundles   'basic-auth',
66 verbose rebuildBundles   'bcrypt-pbkdf',
66 verbose rebuildBundles   'beeper',
66 verbose rebuildBundles   'benchmark',
66 verbose rebuildBundles   'better-assert',
66 verbose rebuildBundles   'binary-extensions',
66 verbose rebuildBundles   'bl',
66 verbose rebuildBundles   'blob',
66 verbose rebuildBundles   'bluebird',
66 verbose rebuildBundles   'bn.js',
66 verbose rebuildBundles   'body-parser',
66 verbose rebuildBundles   'boom',
66 verbose rebuildBundles   'boxen',
66 verbose rebuildBundles   'brace-expansion',
66 verbose rebuildBundles   'braces',
66 verbose rebuildBundles   'brorand',
66 verbose rebuildBundles   'browser-pack',
66 verbose rebuildBundles   'browser-resolve',
66 verbose rebuildBundles   'browserify',
66 verbose rebuildBundles   'browserify-aes',
66 verbose rebuildBundles   'browserify-cipher',
66 verbose rebuildBundles   'browserify-des',
66 verbose rebuildBundles   'browserify-rsa',
66 verbose rebuildBundles   'browserify-sign',
66 verbose rebuildBundles   'browserify-zlib',
66 verbose rebuildBundles   'buffer',
66 verbose rebuildBundles   'buffer-shims',
66 verbose rebuildBundles   'buffer-xor',
66 verbose rebuildBundles   'builtin-modules',
66 verbose rebuildBundles   'builtin-status-codes',
66 verbose rebuildBundles   'bytes',
66 verbose rebuildBundles   'cached-path-relative',
66 verbose rebuildBundles   'callsite',
66 verbose rebuildBundles   'camelcase',
66 verbose rebuildBundles   'camelcase-keys',
66 verbose rebuildBundles   'capture-stack-trace',
66 verbose rebuildBundles   'caseless',
66 verbose rebuildBundles   'center-align',
66 verbose rebuildBundles   'chalk',
66 verbose rebuildBundles   'chokidar',
66 verbose rebuildBundles   'cipher-base',
66 verbose rebuildBundles   'cli',
66 verbose rebuildBundles   'cli-boxes',
66 verbose rebuildBundles   'cli-color',
66 verbose rebuildBundles   'cli-cursor',
66 verbose rebuildBundles   'cli-truncate',
66 verbose rebuildBundles   'cliui',
66 verbose rebuildBundles   'clone',
66 verbose rebuildBundles   'clone-stats',
66 verbose rebuildBundles   'code-point-at',
66 verbose rebuildBundles   'colors',
66 verbose rebuildBundles   'columnify',
66 verbose rebuildBundles   'combine-lists',
66 verbose rebuildBundles   'combine-source-map',
66 verbose rebuildBundles   'combined-stream',
66 verbose rebuildBundles   'commander',
66 verbose rebuildBundles   'component-bind',
66 verbose rebuildBundles   'component-emitter',
66 verbose rebuildBundles   'component-inherit',
66 verbose rebuildBundles   'compressible',
66 verbose rebuildBundles   'compression',
66 verbose rebuildBundles   'concat-map',
66 verbose rebuildBundles   'concat-stream',
66 verbose rebuildBundles   'configstore',
66 verbose rebuildBundles   'connect',
66 verbose rebuildBundles   'connect-pause',
66 verbose rebuildBundles   'console-browserify',
66 verbose rebuildBundles   'constants-browserify',
66 verbose rebuildBundles   'content-disposition',
66 verbose rebuildBundles   'content-type',
66 verbose rebuildBundles   'convert-source-map',
66 verbose rebuildBundles   'cookie',
66 verbose rebuildBundles   'cookie-signature',
66 verbose rebuildBundles   'core-js',
66 verbose rebuildBundles   'core-util-is',
66 verbose rebuildBundles   'cors',
66 verbose rebuildBundles   'create-ecdh',
66 verbose rebuildBundles   'create-error-class',
66 verbose rebuildBundles   'create-hash',
66 verbose rebuildBundles   'create-hmac',
66 verbose rebuildBundles   'cryptiles',
66 verbose rebuildBundles   'crypto-browserify',
66 verbose rebuildBundles   'currently-unhandled',
66 verbose rebuildBundles   'custom-event',
66 verbose rebuildBundles   'd',
66 verbose rebuildBundles   'dashdash',
66 verbose rebuildBundles   'date-now',
66 verbose rebuildBundles   'dateformat',
66 verbose rebuildBundles   'deap',
66 verbose rebuildBundles   'debug',
66 verbose rebuildBundles   'decamelize',
66 verbose rebuildBundles   'deep-extend',
66 verbose rebuildBundles   'deep-is',
66 verbose rebuildBundles   'defaults',
66 verbose rebuildBundles   'defined',
66 verbose rebuildBundles   'del',
66 verbose rebuildBundles   'delayed-stream',
66 verbose rebuildBundles   'depd',
66 verbose rebuildBundles   'deps-sort',
66 verbose rebuildBundles   'des.js',
66 verbose rebuildBundles   'destroy',
66 verbose rebuildBundles   'detect-indent',
66 verbose rebuildBundles   'detective',
66 verbose rebuildBundles   'di',
66 verbose rebuildBundles   'diffie-hellman',
66 verbose rebuildBundles   'dom-serialize',
66 verbose rebuildBundles   'dom-serializer',
66 verbose rebuildBundles   'domain-browser',
66 verbose rebuildBundles   'domelementtype',
66 verbose rebuildBundles   'domhandler',
66 verbose rebuildBundles   'domutils',
66 verbose rebuildBundles   'dot-prop',
66 verbose rebuildBundles   'duplexer2',
66 verbose rebuildBundles   'ecc-jsbn',
66 verbose rebuildBundles   'ee-first',
66 verbose rebuildBundles   'elegant-spinner',
66 verbose rebuildBundles   'elliptic',
66 verbose rebuildBundles   'encodeurl',
66 verbose rebuildBundles   'engine.io',
66 verbose rebuildBundles   'engine.io-client',
66 verbose rebuildBundles   'engine.io-parser',
66 verbose rebuildBundles   'ent',
66 verbose rebuildBundles   'entities',
66 verbose rebuildBundles   'error-ex',
66 verbose rebuildBundles   'errorhandler',
66 verbose rebuildBundles   'es5-ext',
66 verbose rebuildBundles   'es6-iterator',
66 verbose rebuildBundles   'es6-promise',
66 verbose rebuildBundles   'es6-symbol',
66 verbose rebuildBundles   'es6-weak-map',
66 verbose rebuildBundles   'escape-html',
66 verbose rebuildBundles   'escape-string-regexp',
66 verbose rebuildBundles   'escodegen',
66 verbose rebuildBundles   'esprima',
66 verbose rebuildBundles   'estraverse',
66 verbose rebuildBundles   'esutils',
66 verbose rebuildBundles   'etag',
66 verbose rebuildBundles   'event-emitter',
66 verbose rebuildBundles   'eventemitter3',
66 verbose rebuildBundles   'events',
66 verbose rebuildBundles   'evp_bytestokey',
66 verbose rebuildBundles   'exit',
66 verbose rebuildBundles   'exit-hook',
66 verbose rebuildBundles   'expand-braces',
66 verbose rebuildBundles   'expand-brackets',
66 verbose rebuildBundles   'expand-range',
66 verbose rebuildBundles   'express',
66 verbose rebuildBundles   'extend',
66 verbose rebuildBundles   'extglob',
66 verbose rebuildBundles   'extract-zip',
66 verbose rebuildBundles   'extsprintf',
66 verbose rebuildBundles   'faker',
66 verbose rebuildBundles   'fancy-log',
66 verbose rebuildBundles   'fast-levenshtein',
66 verbose rebuildBundles   'fd-slicer',
66 verbose rebuildBundles   'filename-regex',
66 verbose rebuildBundles   'fileset',
66 verbose rebuildBundles   'fill-range',
66 verbose rebuildBundles   'filled-array',
66 verbose rebuildBundles   'finalhandler',
66 verbose rebuildBundles   'find-up',
66 verbose rebuildBundles   'font-awesome',
66 verbose rebuildBundles   'for-in',
66 verbose rebuildBundles   'for-own',
66 verbose rebuildBundles   'forever-agent',
66 verbose rebuildBundles   'form-data',
66 verbose rebuildBundles   'forwarded',
66 verbose rebuildBundles   'fresh',
66 verbose rebuildBundles   'fs-extra',
66 verbose rebuildBundles   'fs.realpath',
66 verbose rebuildBundles   'function-bind',
66 verbose rebuildBundles   'generate-function',
66 verbose rebuildBundles   'generate-object-property',
66 verbose rebuildBundles   'get-caller-file',
66 verbose rebuildBundles   'get-stdin',
66 verbose rebuildBundles   'getpass',
66 verbose rebuildBundles   'glob',
66 verbose rebuildBundles   'glob-base',
66 verbose rebuildBundles   'glob-parent',
66 verbose rebuildBundles   'glogg',
66 verbose rebuildBundles   'got',
66 verbose rebuildBundles   'graceful-fs',
66 verbose rebuildBundles   'graceful-readlink',
66 verbose rebuildBundles   'gulp',
66 verbose rebuildBundles   'gulp-autoprefixer',
66 verbose rebuildBundles   'gulp-changed',
66 verbose rebuildBundles   'gulp-clean-css',
66 verbose rebuildBundles   'gulp-concat',
66 verbose rebuildBundles   'gulp-jshint',
66 verbose rebuildBundles   'gulp-load-plugins',
66 verbose rebuildBundles   'gulp-ng-template',
66 verbose rebuildBundles   'gulp-pug',
66 verbose rebuildBundles   'gulp-rename',
66 verbose rebuildBundles   'gulp-sass',
66 verbose rebuildBundles   'gulp-sourcemaps',
66 verbose rebuildBundles   'gulp-stats',
66 verbose rebuildBundles   'gulp-tslint',
66 verbose rebuildBundles   'gulp-typescript',
66 verbose rebuildBundles   'gulp-typings',
66 verbose rebuildBundles   'gulp-uglify',
66 verbose rebuildBundles   'gulp-util',
66 verbose rebuildBundles   'gulplog',
66 verbose rebuildBundles   'handlebars',
66 verbose rebuildBundles   'har-validator',
66 verbose rebuildBundles   'has',
66 verbose rebuildBundles   'has-ansi',
66 verbose rebuildBundles   'has-binary',
66 verbose rebuildBundles   'has-cors',
66 verbose rebuildBundles   'has-flag',
66 verbose rebuildBundles   'has-gulplog',
66 verbose rebuildBundles   'has-unicode',
66 verbose rebuildBundles   'hash.js',
66 verbose rebuildBundles   'hasha',
66 verbose rebuildBundles   'hawk',
66 verbose rebuildBundles   'hoek',
66 verbose rebuildBundles   'hosted-git-info',
66 verbose rebuildBundles   'htmlescape',
66 verbose rebuildBundles   'htmlparser2',
66 verbose rebuildBundles   'http-errors',
66 verbose rebuildBundles   'http-proxy',
66 verbose rebuildBundles   'http-proxy-agent',
66 verbose rebuildBundles   'http-signature',
66 verbose rebuildBundles   'https-browserify',
66 verbose rebuildBundles   'https-proxy-agent',
66 verbose rebuildBundles   'iconv-lite',
66 verbose rebuildBundles   'ieee754',
66 verbose rebuildBundles   'imurmurhash',
66 verbose rebuildBundles   'indent-string',
66 verbose rebuildBundles   'indexof',
66 verbose rebuildBundles   'inflight',
66 verbose rebuildBundles   'inherits',
66 verbose rebuildBundles   'ini',
66 verbose rebuildBundles   'inline-source-map',
66 verbose rebuildBundles   'insert-module-globals',
66 verbose rebuildBundles   'invariant',
66 verbose rebuildBundles   'invert-kv',
66 verbose rebuildBundles   'ipaddr.js',
66 verbose rebuildBundles   'is-absolute',
66 verbose rebuildBundles   'is-arrayish',
66 verbose rebuildBundles   'is-binary-path',
66 verbose rebuildBundles   'is-buffer',
66 verbose rebuildBundles   'is-builtin-module',
66 verbose rebuildBundles   'is-dotfile',
66 verbose rebuildBundles   'is-equal-shallow',
66 verbose rebuildBundles   'is-extendable',
66 verbose rebuildBundles   'is-extglob',
66 verbose rebuildBundles   'is-finite',
66 verbose rebuildBundles   'is-fullwidth-code-point',
66 verbose rebuildBundles   'is-glob',
66 verbose rebuildBundles   'is-my-json-valid',
66 verbose rebuildBundles   'is-npm',
66 verbose rebuildBundles   'is-number',
66 verbose rebuildBundles   'is-obj',
66 verbose rebuildBundles   'is-plain-obj',
66 verbose rebuildBundles   'is-posix-bracket',
66 verbose rebuildBundles   'is-primitive',
66 verbose rebuildBundles   'is-promise',
66 verbose rebuildBundles   'is-property',
66 verbose rebuildBundles   'is-redirect',
66 verbose rebuildBundles   'is-relative',
66 verbose rebuildBundles   'is-retry-allowed',
66 verbose rebuildBundles   'is-stream',
66 verbose rebuildBundles   'is-typedarray',
66 verbose rebuildBundles   'is-unc-path',
66 verbose rebuildBundles   'is-utf8',
66 verbose rebuildBundles   'is-windows',
66 verbose rebuildBundles   'isarray',
66 verbose rebuildBundles   'isbinaryfile',
66 verbose rebuildBundles   'isexe',
66 verbose rebuildBundles   'isobject',
66 verbose rebuildBundles   'isstream',
66 verbose rebuildBundles   'istanbul',
66 verbose rebuildBundles   'jasmine-core',
66 verbose rebuildBundles   'jju',
66 verbose rebuildBundles   'jodid25519',
66 verbose rebuildBundles   'jquery',
66 verbose rebuildBundles   'js-tokens',
66 verbose rebuildBundles   'js-yaml',
66 verbose rebuildBundles   'jsbn',
66 verbose rebuildBundles   'jshint',
66 verbose rebuildBundles   'json-parse-helpfulerror',
66 verbose rebuildBundles   'json-schema',
66 verbose rebuildBundles   'json-server',
66 verbose rebuildBundles   'json-stable-stringify',
66 verbose rebuildBundles   'json-stringify-safe',
66 verbose rebuildBundles   'json3',
66 verbose rebuildBundles   'jsonfile',
66 verbose rebuildBundles   'jsonify',
66 verbose rebuildBundles   'jsonparse',
66 verbose rebuildBundles   'jsonpointer',
66 verbose rebuildBundles   'jspm-config',
66 verbose rebuildBundles   'jsprim',
66 verbose rebuildBundles   'karma',
66 verbose rebuildBundles   'karma-coverage',
66 verbose rebuildBundles   'karma-jasmine',
66 verbose rebuildBundles   'karma-nyan-reporter',
66 verbose rebuildBundles   'karma-phantomjs-launcher',
66 verbose rebuildBundles   'karma-spec-reporter',
66 verbose rebuildBundles   'karma-typescript',
66 verbose rebuildBundles   'kew',
66 verbose rebuildBundles   'kind-of',
66 verbose rebuildBundles   'klaw',
66 verbose rebuildBundles   'labeled-stream-splicer',
66 verbose rebuildBundles   'latest-version',
66 verbose rebuildBundles   'lazy-cache',
66 verbose rebuildBundles   'lazy-req',
66 verbose rebuildBundles   'lcid',
66 verbose rebuildBundles   'levn',
66 verbose rebuildBundles   'lexical-scope',
66 verbose rebuildBundles   'listify',
66 verbose rebuildBundles   'load-json-file',
66 verbose rebuildBundles   'lockfile',
66 verbose rebuildBundles   'lodash',
66 verbose rebuildBundles   'lodash._basecopy',
66 verbose rebuildBundles   'lodash._basetostring',
66 verbose rebuildBundles   'lodash._basevalues',
66 verbose rebuildBundles   'lodash._getnative',
66 verbose rebuildBundles   'lodash._isiterateecall',
66 verbose rebuildBundles   'lodash._reescape',
66 verbose rebuildBundles   'lodash._reevaluate',
66 verbose rebuildBundles   'lodash._reinterpolate',
66 verbose rebuildBundles   'lodash._root',
66 verbose rebuildBundles   'lodash.assign',
66 verbose rebuildBundles   'lodash.clonedeep',
66 verbose rebuildBundles   'lodash.debounce',
66 verbose rebuildBundles   'lodash.escape',
66 verbose rebuildBundles   'lodash.isarguments',
66 verbose rebuildBundles   'lodash.isarray',
66 verbose rebuildBundles   'lodash.isobject',
66 verbose rebuildBundles   'lodash.keys',
66 verbose rebuildBundles   'lodash.memoize',
66 verbose rebuildBundles   'lodash.merge',
66 verbose rebuildBundles   'lodash.restparam',
66 verbose rebuildBundles   'lodash.template',
66 verbose rebuildBundles   'lodash.templatesettings',
66 verbose rebuildBundles   'lodash.union',
66 verbose rebuildBundles   'log-update',
66 verbose rebuildBundles   'log4js',
66 verbose rebuildBundles   'longest',
66 verbose rebuildBundles   'loose-envify',
66 verbose rebuildBundles   'loud-rejection',
66 verbose rebuildBundles   'lowdb',
66 verbose rebuildBundles   'lowercase-keys',
66 verbose rebuildBundles   'lru-cache',
66 verbose rebuildBundles   'lru-queue',
66 verbose rebuildBundles   'make-error',
66 verbose rebuildBundles   'make-error-cause',
66 verbose rebuildBundles   'map-obj',
66 verbose rebuildBundles   'media-typer',
66 verbose rebuildBundles   'memoizee',
66 verbose rebuildBundles   'meow',
66 verbose rebuildBundles   'merge-descriptors',
66 verbose rebuildBundles   'merge2',
66 verbose rebuildBundles   'method-override',
66 verbose rebuildBundles   'methods',
66 verbose rebuildBundles   'micromatch',
66 verbose rebuildBundles   'miller-rabin',
66 verbose rebuildBundles   'mime',
66 verbose rebuildBundles   'mime-db',
66 verbose rebuildBundles   'mime-types',
66 verbose rebuildBundles   'minimalistic-assert',
66 verbose rebuildBundles   'minimatch',
66 verbose rebuildBundles   'minimist',
66 verbose rebuildBundles   'mkdirp',
66 verbose rebuildBundles   'module-deps',
66 verbose rebuildBundles   'morgan',
66 verbose rebuildBundles   'ms',
66 verbose rebuildBundles   'multipipe',
66 verbose rebuildBundles   'negotiator',
66 verbose rebuildBundles   'next-tick',
66 verbose rebuildBundles   'node-status-codes',
66 verbose rebuildBundles   'node-uuid',
66 verbose rebuildBundles   'nopt',
66 verbose rebuildBundles   'normalize-package-data',
66 verbose rebuildBundles   'normalize-path',
66 verbose rebuildBundles   'number-is-nan',
66 verbose rebuildBundles   'oauth-sign',
66 verbose rebuildBundles   'object-assign',
66 verbose rebuildBundles   'object-component',
66 verbose rebuildBundles   'object.omit',
66 verbose rebuildBundles   'object.pick',
66 verbose rebuildBundles   'on-finished',
66 verbose rebuildBundles   'on-headers',
66 verbose rebuildBundles   'once',
66 verbose rebuildBundles   'onetime',
66 verbose rebuildBundles   'optimist',
66 verbose rebuildBundles   'optionator',
66 verbose rebuildBundles   'options',
66 verbose rebuildBundles   'os-browserify',
66 verbose rebuildBundles   'os-homedir',
66 verbose rebuildBundles   'os-locale',
66 verbose rebuildBundles   'os-tmpdir',
66 verbose rebuildBundles   'osenv',
66 verbose rebuildBundles   'package-json',
66 verbose rebuildBundles   'pako',
66 verbose rebuildBundles   'parents',
66 verbose rebuildBundles   'parse-asn1',
66 verbose rebuildBundles   'parse-glob',
66 verbose rebuildBundles   'parse-json',
66 verbose rebuildBundles   'parsejson',
66 verbose rebuildBundles   'parseqs',
66 verbose rebuildBundles   'parseuri',
66 verbose rebuildBundles   'parseurl',
66 verbose rebuildBundles   'path-browserify',
66 verbose rebuildBundles   'path-exists',
66 verbose rebuildBundles   'path-is-absolute',
66 verbose rebuildBundles   'path-platform',
66 verbose rebuildBundles   'path-to-regexp',
66 verbose rebuildBundles   'path-type',
66 verbose rebuildBundles   'pbkdf2',
66 verbose rebuildBundles   'pend',
66 verbose rebuildBundles   'phantomjs-prebuilt',
66 verbose rebuildBundles   'pify',
66 verbose rebuildBundles   'pinkie',
66 verbose rebuildBundles   'pinkie-promise',
66 verbose rebuildBundles   'pluralize',
66 verbose rebuildBundles   'popsicle',
66 verbose rebuildBundles   'popsicle-proxy-agent',
66 verbose rebuildBundles   'popsicle-retry',
66 verbose rebuildBundles   'popsicle-rewrite',
66 verbose rebuildBundles   'popsicle-status',
66 verbose rebuildBundles   'prelude-ls',
66 verbose rebuildBundles   'prepend-http',
66 verbose rebuildBundles   'preserve',
66 verbose rebuildBundles   'process',
66 verbose rebuildBundles   'process-nextick-args',
66 verbose rebuildBundles   'progress',
66 verbose rebuildBundles   'promise-finally',
66 verbose rebuildBundles   'proxy-addr',
66 verbose rebuildBundles   'public-encrypt',
66 verbose rebuildBundles   'punycode',
66 verbose rebuildBundles   'qjobs',
66 verbose rebuildBundles   'qs',
66 verbose rebuildBundles   'querystring',
66 verbose rebuildBundles   'querystring-es3',
66 verbose rebuildBundles   'randomatic',
66 verbose rebuildBundles   'randombytes',
66 verbose rebuildBundles   'range-parser',
66 verbose rebuildBundles   'raw-body',
66 verbose rebuildBundles   'rc',
66 verbose rebuildBundles   'rcfinder',
66 verbose rebuildBundles   'rcloader',
66 verbose rebuildBundles   'read-all-stream',
66 verbose rebuildBundles   'read-only-stream',
66 verbose rebuildBundles   'read-pkg',
66 verbose rebuildBundles   'read-pkg-up',
66 verbose rebuildBundles   'readable-stream',
66 verbose rebuildBundles   'readdirp',
66 verbose rebuildBundles   'redent',
66 verbose rebuildBundles   'regex-cache',
66 verbose rebuildBundles   'registry-auth-token',
66 verbose rebuildBundles   'registry-url',
66 verbose rebuildBundles   'repeat-element',
66 verbose rebuildBundles   'repeat-string',
66 verbose rebuildBundles   'repeating',
66 verbose rebuildBundles   'replace-ext',
66 verbose rebuildBundles   'request',
66 verbose rebuildBundles   'request-progress',
66 verbose rebuildBundles   'require-directory',
66 verbose rebuildBundles   'require-main-filename',
66 verbose rebuildBundles   'requires-port',
66 verbose rebuildBundles   'resolve',
66 verbose rebuildBundles   'restore-cursor',
66 verbose rebuildBundles   'right-align',
66 verbose rebuildBundles   'rimraf',
66 verbose rebuildBundles   'ripemd160',
66 verbose rebuildBundles   'run-sequence',
66 verbose rebuildBundles   'semver',
66 verbose rebuildBundles   'semver-diff',
66 verbose rebuildBundles   'send',
66 verbose rebuildBundles   'serve-static',
66 verbose rebuildBundles   'server-destroy',
66 verbose rebuildBundles   'set-blocking',
66 verbose rebuildBundles   'set-immediate-shim',
66 verbose rebuildBundles   'setprototypeof',
66 verbose rebuildBundles   'sha.js',
66 verbose rebuildBundles   'shasum',
66 verbose rebuildBundles   'shell-quote',
66 verbose rebuildBundles   'shelljs',
66 verbose rebuildBundles   'shortid',
66 verbose rebuildBundles   'signal-exit',
66 verbose rebuildBundles   'slice-ansi',
66 verbose rebuildBundles   'slide',
66 verbose rebuildBundles   'sntp',
66 verbose rebuildBundles   'socket.io',
66 verbose rebuildBundles   'socket.io-adapter',
66 verbose rebuildBundles   'socket.io-client',
66 verbose rebuildBundles   'socket.io-parser',
66 verbose rebuildBundles   'sort-keys',
66 verbose rebuildBundles   'source-map',
66 verbose rebuildBundles   'sparkles',
66 verbose rebuildBundles   'spdx-correct',
66 verbose rebuildBundles   'spdx-expression-parse',
66 verbose rebuildBundles   'spdx-license-ids',
66 verbose rebuildBundles   'sprintf-js',
66 verbose rebuildBundles   'sshpk',
66 verbose rebuildBundles   'statuses',
66 verbose rebuildBundles   'steno',
66 verbose rebuildBundles   'stream-browserify',
66 verbose rebuildBundles   'stream-combiner2',
66 verbose rebuildBundles   'stream-http',
66 verbose rebuildBundles   'stream-splicer',
66 verbose rebuildBundles   'string-template',
66 verbose rebuildBundles   'string-width',
66 verbose rebuildBundles   'string_decoder',
66 verbose rebuildBundles   'stringstream',
66 verbose rebuildBundles   'strip-ansi',
66 verbose rebuildBundles   'strip-bom',
66 verbose rebuildBundles   'strip-indent',
66 verbose rebuildBundles   'strip-json-comments',
66 verbose rebuildBundles   'subarg',
66 verbose rebuildBundles   'supports-color',
66 verbose rebuildBundles   'syntax-error',
66 verbose rebuildBundles   'thenify',
66 verbose rebuildBundles   'throat',
66 verbose rebuildBundles   'throttleit',
66 verbose rebuildBundles   'through',
66 verbose rebuildBundles   'through2',
66 verbose rebuildBundles   'throwback',
66 verbose rebuildBundles   'time-stamp',
66 verbose rebuildBundles   'timed-out',
66 verbose rebuildBundles   'timers-browserify',
66 verbose rebuildBundles   'timers-ext',
66 verbose rebuildBundles   'tmp',
66 verbose rebuildBundles   'to-array',
66 verbose rebuildBundles   'to-arraybuffer',
66 verbose rebuildBundles   'touch',
66 verbose rebuildBundles   'tough-cookie',
66 verbose rebuildBundles   'trim-newlines',
66 verbose rebuildBundles   'tslint',
66 verbose rebuildBundles   'tty-browserify',
66 verbose rebuildBundles   'tunnel-agent',
66 verbose rebuildBundles   'tweetnacl',
66 verbose rebuildBundles   'type-check',
66 verbose rebuildBundles   'type-is',
66 verbose rebuildBundles   'typedarray',
66 verbose rebuildBundles   'typescript',
66 verbose rebuildBundles   'typings',
66 verbose rebuildBundles   'typings-core',
66 verbose rebuildBundles   'uglify-js',
66 verbose rebuildBundles   'uglify-save-license',
66 verbose rebuildBundles   'uglify-to-browserify',
66 verbose rebuildBundles   'ultron',
66 verbose rebuildBundles   'umd',
66 verbose rebuildBundles   'unc-path-regex',
66 verbose rebuildBundles   'underscore-db',
66 verbose rebuildBundles   'unpipe',
66 verbose rebuildBundles   'unzip-response',
66 verbose rebuildBundles   'update-notifier',
66 verbose rebuildBundles   'url',
66 verbose rebuildBundles   'url-parse-lax',
66 verbose rebuildBundles   'useragent',
66 verbose rebuildBundles   'utf8',
66 verbose rebuildBundles   'util',
66 verbose rebuildBundles   'util-deprecate',
66 verbose rebuildBundles   'utils-merge',
66 verbose rebuildBundles   'uuid',
66 verbose rebuildBundles   'validate-npm-package-license',
66 verbose rebuildBundles   'vary',
66 verbose rebuildBundles   'verror',
66 verbose rebuildBundles   'vinyl',
66 verbose rebuildBundles   'vinyl-sourcemaps-apply',
66 verbose rebuildBundles   'vm-browserify',
66 verbose rebuildBundles   'void-elements',
66 verbose rebuildBundles   'wcwidth',
66 verbose rebuildBundles   'websocket',
66 verbose rebuildBundles   'which',
66 verbose rebuildBundles   'which-module',
66 verbose rebuildBundles   'widest-line',
66 verbose rebuildBundles   'window-size',
66 verbose rebuildBundles   'wordwrap',
66 verbose rebuildBundles   'wrap-ansi',
66 verbose rebuildBundles   'wrappy',
66 verbose rebuildBundles   'write-file-atomic',
66 verbose rebuildBundles   'ws',
66 verbose rebuildBundles   'xdg-basedir',
66 verbose rebuildBundles   'xmlhttprequest-ssl',
66 verbose rebuildBundles   'xtend',
66 verbose rebuildBundles   'y18n',
66 verbose rebuildBundles   'yargs',
66 verbose rebuildBundles   'yargs-parser',
66 verbose rebuildBundles   'yauzl',
66 verbose rebuildBundles   'yeast',
66 verbose rebuildBundles   'zip-object' ]
67 verbose rebuild bundle /vagrant/node_modules/JSONStream
68 info build /vagrant/node_modules/JSONStream
69 info preinstall JSONStream@1.2.1
70 verbose linkStuff [ false, false, false, '/vagrant/node_modules' ]
71 info linkStuff JSONStream@1.2.1
72 verbose linkBins JSONStream@1.2.1
73 verbose link bins [ { JSONStream: './index.js' },
73 verbose link bins   '/vagrant/node_modules/.bin',
73 verbose link bins   false ]
74 verbose linkMans JSONStream@1.2.1
75 verbose rebuildBundles JSONStream@1.2.1
76 error Error: EACCES, unlink '/vagrant/node_modules/.bin/JSONStream'
76 error  { [Error: EACCES, unlink '/vagrant/node_modules/.bin/JSONStream']
76 error   errno: 3,
76 error   code: 'EACCES',
76 error   path: '/vagrant/node_modules/.bin/JSONStream' }
77 error Please try running this command again as root/Administrator.
78 error System Linux 3.19.0-56-generic
79 error command "/usr/bin/nodejs" "/usr/bin/npm" "install"
80 error cwd /vagrant
81 error node -v v0.10.25
82 error npm -v 1.4.21
83 error path /vagrant/node_modules/.bin/JSONStream
84 error code EACCES
85 error errno 3
86 error stack Error: EACCES, unlink '/vagrant/node_modules/.bin/JSONStream'
87 verbose exit [ 3, true ]
